app/build/intermediates/manifest_merge_blame_file/debug/processDebugMainManifest/manifest-merger-blame-debug-report.txt
1<?xml version="1.0" encoding="utf-8"?>
2<manifest xmlns:android="http://schemas.android.com/apk/res/android"
3    package="com.galaxywall.app"
4    android:versionCode="1"
5    android:versionName="1.0.0" >
6
7    <uses-sdk
8        android:minSdkVersion="26"
9        android:targetSdkVersion="35" />
10
11    <uses-permission android:name="android.permission.INTERNET" />
11-->src\main\AndroidManifest.xml:5:5-67
11-->src\main\AndroidManifest.xml:5:22-64
12    <uses-permission android:name="android.permission.ACCESS_NETWORK_STATE" />
12-->src\main\AndroidManifest.xml:6:5-79
12-->src\main\AndroidManifest.xml:6:22-76
13    <uses-permission android:name="android.permission.SET_WALLPAPER" />
13-->src\main\AndroidManifest.xml:7:5-72
13-->src\main\AndroidManifest.xml:7:22-69
14    <uses-permission android:name="android.permission.POST_NOTIFICATIONS" />
14-->src\main\AndroidManifest.xml:8:5-77
14-->src\main\AndroidManifest.xml:8:22-74
15
16    <uses-feature
16-->src\main\AndroidManifest.xml:10:5-12:36
17        android:name="android.hardware.sensor.gyroscope"
17-->src\main\AndroidManifest.xml:11:9-57
18        android:required="false" />
18-->src\main\AndroidManifest.xml:12:9-33
19    <uses-feature
19-->src\main\AndroidManifest.xml:13:5-15:36
20        android:name="android.hardware.sensor.accelerometer"
20-->src\main\AndroidManifest.xml:14:9-61
21        android:required="false" />
21-->src\main\AndroidManifest.xml:15:9-33
22    <uses-feature
22-->src\main\AndroidManifest.xml:16:5-18:36
23        android:name="android.software.live_wallpaper"
23-->src\main\AndroidManifest.xml:17:9-55
24        android:required="false" />
24-->src\main\AndroidManifest.xml:18:9-33
25
26    <permission
26-->[androidx.core:core:1.15.0] AndroidManifest.xml:22:5-24:47
27        android:name="com.galaxywall.app.DYNAMIC_RECEIVER_NOT_EXPORTED_PERMISSION"
27-->[androidx.core:core:1.15.0] AndroidManifest.xml:23:9-81
28        android:protectionLevel="signature" />
28-->[androidx.core:core:1.15.0] AndroidManifest.xml:24:9-44
29
30    <uses-permission android:name="com.galaxywall.app.DYNAMIC_RECEIVER_NOT_EXPORTED_PERMISSION" />
30-->[androidx.core:core:1.15.0] AndroidManifest.xml:26:5-97
30-->[androidx.core:core:1.15.0] AndroidManifest.xml:26:22-94
31
32    <application
32-->src\main\AndroidManifest.xml:20:5-106:19
33        android:name="com.galaxywall.app.App"
33-->src\main\AndroidManifest.xml:21:9-28
34        android:allowBackup="true"
34-->src\main\AndroidManifest.xml:22:9-35
35        android:appComponentFactory="androidx.core.app.CoreComponentFactory"
35-->[androidx.core:core:1.15.0] AndroidManifest.xml:28:18-86
36        android:dataExtractionRules="@xml/data_extraction_rules"
36-->src\main\AndroidManifest.xml:23:9-65
37        android:debuggable="true"
38        android:extractNativeLibs="false"
39        android:fullBackupContent="@xml/backup_rules"
39-->src\main\AndroidManifest.xml:24:9-54
40        android:icon="@mipmap/ic_launcher"
40-->src\main\AndroidManifest.xml:25:9-43
41        android:label="@string/app_name"
41-->src\main\AndroidManifest.xml:26:9-41
42        android:roundIcon="@mipmap/ic_launcher_round"
42-->src\main\AndroidManifest.xml:27:9-54
43        android:supportsRtl="true"
43-->src\main\AndroidManifest.xml:28:9-35
44        android:theme="@style/Theme.ParallaxWallpaper" >
44-->src\main\AndroidManifest.xml:29:9-55
45        <activity
45-->src\main\AndroidManifest.xml:31:9-41:20
46            android:name="com.galaxywall.app.firstopen.SplashActivity"
46-->src\main\AndroidManifest.xml:32:13-53
47            android:exported="true"
47-->src\main\AndroidManifest.xml:33:13-36
48            android:launchMode="singleTop"
48-->src\main\AndroidManifest.xml:34:13-43
49            android:theme="@style/Theme.ParallaxWallpaper" >
49-->src\main\AndroidManifest.xml:35:13-59
50            <intent-filter>
50-->src\main\AndroidManifest.xml:36:13-40:29
51                <action android:name="android.intent.action.MAIN" />
51-->src\main\AndroidManifest.xml:37:17-69
51-->src\main\AndroidManifest.xml:37:25-66
52
53                <category android:name="android.intent.category.LAUNCHER" />
53-->src\main\AndroidManifest.xml:39:17-77
53-->src\main\AndroidManifest.xml:39:27-74
54            </intent-filter>
55        </activity>
56        <activity
56-->src\main\AndroidManifest.xml:43:9-45:40
57            android:name="com.galaxywall.app.firstopen.language.LanguageFO1Activity"
57-->src\main\AndroidManifest.xml:44:13-67
58            android:exported="false" />
58-->src\main\AndroidManifest.xml:45:13-37
59        <activity
59-->src\main\AndroidManifest.xml:46:9-48:40
60            android:name="com.galaxywall.app.firstopen.language.LanguageFO2Activity"
60-->src\main\AndroidManifest.xml:47:13-67
61            android:exported="false" />
61-->src\main\AndroidManifest.xml:48:13-37
62        <activity
62-->src\main\AndroidManifest.xml:49:9-51:40
63            android:name="com.galaxywall.app.firstopen.survey.SurveyActivity"
63-->src\main\AndroidManifest.xml:50:13-60
64            android:exported="false" />
64-->src\main\AndroidManifest.xml:51:13-37
65        <activity
65-->src\main\AndroidManifest.xml:52:9-54:40
66            android:name="com.galaxywall.app.firstopen.survey.SurveyDupActivity"
66-->src\main\AndroidManifest.xml:53:13-63
67            android:exported="false" />
67-->src\main\AndroidManifest.xml:54:13-37
68        <activity
68-->src\main\AndroidManifest.xml:55:9-57:40
69            android:name="com.galaxywall.app.firstopen.survey.Survey3Activity"
69-->src\main\AndroidManifest.xml:56:13-61
70            android:exported="false" />
70-->src\main\AndroidManifest.xml:57:13-37
71        <activity
71-->src\main\AndroidManifest.xml:58:9-60:40
72            android:name="com.galaxywall.app.firstopen.onboarding.OnBoardingFullFragmentActivity"
72-->src\main\AndroidManifest.xml:59:13-80
73            android:exported="false" />
73-->src\main\AndroidManifest.xml:60:13-37
74        <activity
74-->src\main\AndroidManifest.xml:61:9-63:40
75            android:name="com.galaxywall.app.firstopen.PermissionActivity"
75-->src\main\AndroidManifest.xml:62:13-57
76            android:exported="false" />
76-->src\main\AndroidManifest.xml:63:13-37
77        <activity
77-->src\main\AndroidManifest.xml:64:9-67:46
78            android:name="com.galaxywall.app.ui.MainActivity"
78-->src\main\AndroidManifest.xml:65:13-44
79            android:exported="false"
79-->src\main\AndroidManifest.xml:66:13-37
80            android:launchMode="singleTop" />
80-->src\main\AndroidManifest.xml:67:13-43
81
82        <service
82-->src\main\AndroidManifest.xml:69:9-81:19
83            android:name="com.galaxywall.app.wallpaper.ParallaxWallpaperService"
83-->src\main\AndroidManifest.xml:70:13-63
84            android:exported="true"
84-->src\main\AndroidManifest.xml:71:13-36
85            android:label="@string/live_wallpaper_label"
85-->src\main\AndroidManifest.xml:72:13-57
86            android:permission="android.permission.BIND_WALLPAPER" >
86-->src\main\AndroidManifest.xml:73:13-67
87            <intent-filter>
87-->src\main\AndroidManifest.xml:74:13-76:29
88                <action android:name="android.service.wallpaper.WallpaperService" />
88-->src\main\AndroidManifest.xml:75:17-85
88-->src\main\AndroidManifest.xml:75:25-82
89            </intent-filter>
90
91            <meta-data
91-->src\main\AndroidManifest.xml:78:13-80:62
92                android:name="android.service.wallpaper"
92-->src\main\AndroidManifest.xml:79:17-57
93                android:resource="@xml/parallax_wallpaper" />
93-->src\main\AndroidManifest.xml:80:17-59
94        </service>
95        <service
95-->src\main\AndroidManifest.xml:83:9-95:19
96            android:name="com.galaxywall.app.wallpaper.VideoWallpaperService"
96-->src\main\AndroidManifest.xml:84:13-60
97            android:exported="true"
97-->src\main\AndroidManifest.xml:85:13-36
98            android:label="@string/video_wallpaper_label"
98-->src\main\AndroidManifest.xml:86:13-58
99            android:permission="android.permission.BIND_WALLPAPER" >
99-->src\main\AndroidManifest.xml:87:13-67
100            <intent-filter>
100-->src\main\AndroidManifest.xml:74:13-76:29
101                <action android:name="android.service.wallpaper.WallpaperService" />
101-->src\main\AndroidManifest.xml:75:17-85
101-->src\main\AndroidManifest.xml:75:25-82
102            </intent-filter>
103
104            <meta-data
104-->src\main\AndroidManifest.xml:78:13-80:62
105                android:name="android.service.wallpaper"
105-->src\main\AndroidManifest.xml:79:17-57
106                android:resource="@xml/video_wallpaper" />
106-->src\main\AndroidManifest.xml:80:17-59
107        </service>
108
109        <provider
110            android:name="androidx.core.content.FileProvider"
110-->src\main\AndroidManifest.xml:98:13-62
111            android:authorities="com.galaxywall.app.fileprovider"
111-->src\main\AndroidManifest.xml:99:13-64
112            android:exported="false"
112-->src\main\AndroidManifest.xml:100:13-37
113            android:grantUriPermissions="true" >
113-->src\main\AndroidManifest.xml:101:13-47
114            <meta-data
114-->src\main\AndroidManifest.xml:102:13-104:54
115                android:name="android.support.FILE_PROVIDER_PATHS"
115-->src\main\AndroidManifest.xml:103:17-67
116                android:resource="@xml/file_paths" />
116-->src\main\AndroidManifest.xml:104:17-51
117        </provider>
118        <provider
118-->[androidx.emoji2:emoji2:1.3.0] AndroidManifest.xml:24:9-32:20
119            android:name="androidx.startup.InitializationProvider"
119-->[androidx.emoji2:emoji2:1.3.0] AndroidManifest.xml:25:13-67
120            android:authorities="com.galaxywall.app.androidx-startup"
120-->[androidx.emoji2:emoji2:1.3.0] AndroidManifest.xml:26:13-68
121            android:exported="false" >
121-->[androidx.emoji2:emoji2:1.3.0] AndroidManifest.xml:27:13-37
122            <meta-data
122-->[androidx.emoji2:emoji2:1.3.0] AndroidManifest.xml:29:13-31:52
123                android:name="androidx.emoji2.text.EmojiCompatInitializer"
123-->[androidx.emoji2:emoji2:1.3.0] AndroidManifest.xml:30:17-75
124                android:value="androidx.startup" />
124-->[androidx.emoji2:emoji2:1.3.0] AndroidManifest.xml:31:17-49
125            <meta-data
125-->[androidx.lifecycle:lifecycle-process:2.8.7] AndroidManifest.xml:29:13-31:52
126                android:name="androidx.lifecycle.ProcessLifecycleInitializer"
126-->[androidx.lifecycle:lifecycle-process:2.8.7] AndroidManifest.xml:30:17-78
127                android:value="androidx.startup" />
127-->[androidx.lifecycle:lifecycle-process:2.8.7] AndroidManifest.xml:31:17-49
128            <meta-data
128-->[androidx.profileinstaller:profileinstaller:1.4.0] AndroidManifest.xml:29:13-31:52
129                android:name="androidx.profileinstaller.ProfileInstallerInitializer"
129-->[androidx.profileinstaller:profileinstaller:1.4.0] AndroidManifest.xml:30:17-85
130                android:value="androidx.startup" />
130-->[androidx.profileinstaller:profileinstaller:1.4.0] AndroidManifest.xml:31:17-49
131        </provider>
132
133        <uses-library
133-->[androidx.window:window:1.0.0] AndroidManifest.xml:25:9-27:40
134            android:name="androidx.window.extensions"
134-->[androidx.window:window:1.0.0] AndroidManifest.xml:26:13-54
135            android:required="false" />
135-->[androidx.window:window:1.0.0] AndroidManifest.xml:27:13-37
136        <uses-library
136-->[androidx.window:window:1.0.0] AndroidManifest.xml:28:9-30:40
137            android:name="androidx.window.sidecar"
137-->[androidx.window:window:1.0.0] AndroidManifest.xml:29:13-51
138            android:required="false" />
138-->[androidx.window:window:1.0.0] AndroidManifest.xml:30:13-37
139
140        <service
140-->[androidx.room:room-runtime:2.6.1] AndroidManifest.xml:24:9-28:63
141            android:name="androidx.room.MultiInstanceInvalidationService"
141-->[androidx.room:room-runtime:2.6.1] AndroidManifest.xml:25:13-74
142            android:directBootAware="true"
142-->[androidx.room:room-runtime:2.6.1] AndroidManifest.xml:26:13-43
143            android:exported="false" />
143-->[androidx.room:room-runtime:2.6.1] AndroidManifest.xml:27:13-37
144
145        <receiver
145-->[androidx.profileinstaller:profileinstaller:1.4.0] AndroidManifest.xml:34:9-52:20
146            android:name="androidx.profileinstaller.ProfileInstallReceiver"
146-->[androidx.profileinstaller:profileinstaller:1.4.0] AndroidManifest.xml:35:13-76
147            android:directBootAware="false"
147-->[androidx.profileinstaller:profileinstaller:1.4.0] AndroidManifest.xml:36:13-44
148            android:enabled="true"
148-->[androidx.profileinstaller:profileinstaller:1.4.0] AndroidManifest.xml:37:13-35
149            android:exported="true"
149-->[androidx.profileinstaller:profileinstaller:1.4.0] AndroidManifest.xml:38:13-36
150            android:permission="android.permission.DUMP" >
150-->[androidx.profileinstaller:profileinstaller:1.4.0] AndroidManifest.xml:39:13-57
151            <intent-filter>
151-->[androidx.profileinstaller:profileinstaller:1.4.0] AndroidManifest.xml:40:13-42:29
152                <action android:name="androidx.profileinstaller.action.INSTALL_PROFILE" />
152-->[androidx.profileinstaller:profileinstaller:1.4.0] AndroidManifest.xml:41:17-91
152-->[androidx.profileinstaller:profileinstaller:1.4.0] AndroidManifest.xml:41:25-88
153            </intent-filter>
154            <intent-filter>
154-->[androidx.profileinstaller:profileinstaller:1.4.0] AndroidManifest.xml:43:13-45:29
155                <action android:name="androidx.profileinstaller.action.SKIP_FILE" />
155-->[androidx.profileinstaller:profileinstaller:1.4.0] AndroidManifest.xml:44:17-85
155-->[androidx.profileinstaller:profileinstaller:1.4.0] AndroidManifest.xml:44:25-82
156            </intent-filter>
157            <intent-filter>
157-->[androidx.profileinstaller:profileinstaller:1.4.0] AndroidManifest.xml:46:13-48:29
158                <action android:name="androidx.profileinstaller.action.SAVE_PROFILE" />
158-->[androidx.profileinstaller:profileinstaller:1.4.0] AndroidManifest.xml:47:17-88
158-->[androidx.profileinstaller:profileinstaller:1.4.0] AndroidManifest.xml:47:25-85
159            </intent-filter>
160            <intent-filter>
160-->[androidx.profileinstaller:profileinstaller:1.4.0] AndroidManifest.xml:49:13-51:29
161                <action android:name="androidx.profileinstaller.action.BENCHMARK_OPERATION" />
161-->[androidx.profileinstaller:profileinstaller:1.4.0] AndroidManifest.xml:50:17-95
161-->[androidx.profileinstaller:profileinstaller:1.4.0] AndroidManifest.xml:50:25-92
162            </intent-filter>
163        </receiver>
164    </application>
165
166</manifest>